<?xml version="1.0" encoding="UTF-8"?>
<!-- Generated by org.testng.reporters.JUnitXMLReporter -->
<testsuite ignored="0" hostname="Merves-MacBook-Pro.local" failures="1" tests="3" name="Test regressiontest" time="89.49" errors="0" timestamp="2023-10-15T23:42:29 EDT">
  <testcase classname="com.neotech.testcases.LoginTest" name="validLogin" time="47.797"/>
  <testcase classname="com.neotech.testcases.LoginTest" name="emptyPasswordLogin" time="4.05"/>
  <testcase classname="com.neotech.testcases.LoginTest" name="invalidPasswordLogin" time="9.401">
    <failure type="java.lang.AssertionError" message="Error messages DO NOT match! expected [Invalid Credentials] but found [Invalid Credentials - 2]">
      <![CDATA[java.lang.AssertionError: Error messages DO NOT match! expected [Invalid Credentials] but found [Invalid Credentials - 2]
at com.neotech.testcases.LoginTest.invalidPasswordLogin(LoginTest.java:88)
at java.base/java.util.ArrayList.forEach(ArrayList.java:1511)
... Removed 32 stack frames]]>
    </failure>
  </testcase> <!-- invalidPasswordLogin -->
</testsuite> <!-- Test regressiontest -->
